# JRE version: Java(TM) SE Runtime Environment (8.0_202-b08) (build 1.8.0_202-b08)
# Java VM: Java HotSpot(TM) 64-Bit Server VM (25.202-b08 mixed mode linux-amd64 compressed oops)
Heap:
 PSYoungGen      total 116224K, used 61623K [0x00000000f5580000, 0x00000000ffd80000, 0x0000000100000000)
  eden space 61952K, 47% used [0x00000000f5580000,0x00000000f7213cd8,0x00000000f9200000)
  from space 54272K, 59% used [0x00000000f9200000,0x00000000fb19a840,0x00000000fc700000)
  to   space 54272K, 0% used [0x00000000fc880000,0x00000000fc880000,0x00000000ffd80000)
 ParOldGen       total 349696K, used 69722K [0x00000000e0000000, 0x00000000f5580000, 0x00000000f5580000)
  object space 349696K, 19% used [0x00000000e0000000,0x00000000e44168c0,0x00000000f5580000)
 Metaspace       used 123424K, capacity 133149K, committed 133464K, reserved 1165312K
  class space    used 15670K, capacity 17174K, committed 17240K, reserved 1048576K
GC Heap History (10 events):
Event: 7223.656 GC heap before
{Heap before GC invocations=61 (full 4):
 PSYoungGen      total 119808K, used 100441K [0x00000000f5580000, 0x0000000100000000, 0x0000000100000000)
  eden space 66048K, 100% used [0x00000000f5580000,0x00000000f9600000,0x00000000f9600000)
  from space 53760K, 63% used [0x00000000fcb80000,0x00000000fed16690,0x0000000100000000)
  to   space 54272K, 0% used [0x00000000f9600000,0x00000000f9600000,0x00000000fcb00000)
 ParOldGen       total 349696K, used 69202K [0x00000000e0000000, 0x00000000f5580000, 0x00000000f5580000)
  object space 349696K, 19% used [0x00000000e0000000,0x00000000e43948c0,0x00000000f5580000)
 Metaspace       used 123009K, capacity 132621K, committed 132952K, reserved 1165312K
  class space    used 15650K, capacity 17152K, committed 17240K, reserved 1048576K
Event: 7223.666 GC heap after
Heap after GC invocations=61 (full 4):
 PSYoungGen      total 110080K, used 43891K [0x00000000f5580000, 0x0000000100000000, 0x0000000100000000)
  eden space 66048K, 0% used [0x00000000f5580000,0x00000000f5580000,0x00000000f9600000)
  from space 44032K, 99% used [0x00000000f9600000,0x00000000fc0dcdc8,0x00000000fc100000)
  to   space 57856K, 0% used [0x00000000fc780000,0x00000000fc780000,0x0000000100000000)
 ParOldGen       total 349696K, used 69362K [0x00000000e0000000, 0x00000000f5580000, 0x00000000f5580000)
  object space 349696K, 19% used [0x00000000e0000000,0x00000000e43bc8c0,0x00000000f5580000)
 Metaspace       used 123009K, capacity 132621K, committed 132952K, reserved 1165312K
  class space    used 15650K, capacity 17152K, committed 17240K, reserved 1048576K
}
Event: 9238.222 GC heap before
{Heap before GC invocations=62 (full 4):
 PSYoungGen      total 110080K, used 109939K [0x00000000f5580000, 0x0000000100000000, 0x0000000100000000)
  eden space 66048K, 100% used [0x00000000f5580000,0x00000000f9600000,0x00000000f9600000)
  from space 44032K, 99% used [0x00000000f9600000,0x00000000fc0dcdc8,0x00000000fc100000)
  to   space 57856K, 0% used [0x00000000fc780000,0x00000000fc780000,0x0000000100000000)
 ParOldGen       total 349696K, used 69362K [0x00000000e0000000, 0x00000000f5580000, 0x00000000f5580000)
  object space 349696K, 19% used [0x00000000e0000000,0x00000000e43bc8c0,0x00000000f5580000)
 Metaspace       used 123336K, capacity 133075K, committed 133208K, reserved 1165312K
  class space    used 15669K, capacity 17172K, committed 17240K, reserved 1048576K
Event: 9238.240 GC heap after
Heap after GC invocations=62 (full 4):
 PSYoungGen      total 116736K, used 9420K [0x00000000f5580000, 0x0000000100000000, 0x0000000100000000)
  eden space 58880K, 0% used [0x00000000f5580000,0x00000000f5580000,0x00000000f8f00000)
  from space 57856K, 16% used [0x00000000fc780000,0x00000000fd0b3208,0x0000000100000000)
  to   space 57856K, 0% used [0x00000000f8f00000,0x00000000f8f00000,0x00000000fc780000)
 ParOldGen       total 349696K, used 69522K [0x00000000e0000000, 0x00000000f5580000, 0x00000000f5580000)
  object space 349696K, 19% used [0x00000000e0000000,0x00000000e43e48c0,0x00000000f5580000)
 Metaspace       used 123336K, capacity 133075K, committed 133208K, reserved 1165312K
  class space    used 15669K, capacity 17172K, committed 17240K, reserved 1048576K
}
Event: 10758.521 GC heap before
{Heap before GC invocations=63 (full 4):
 PSYoungGen      total 116736K, used 68300K [0x00000000f5580000, 0x0000000100000000, 0x0000000100000000)
  eden space 58880K, 100% used [0x00000000f5580000,0x00000000f8f00000,0x00000000f8f00000)
  from space 57856K, 16% used [0x00000000fc780000,0x00000000fd0b3208,0x0000000100000000)
  to   space 57856K, 0% used [0x00000000f8f00000,0x00000000f8f00000,0x00000000fc780000)
 ParOldGen       total 349696K, used 69522K [0x00000000e0000000, 0x00000000f5580000, 0x00000000f5580000)
  object space 349696K, 19% used [0x00000000e0000000,0x00000000e43e48c0,0x00000000f5580000)
 Metaspace       used 123363K, capacity 133075K, committed 133208K, reserved 1165312K
  class space    used 15669K, capacity 17172K, committed 17240K, reserved 1048576K
Event: 10758.527 GC heap after
Heap after GC invocations=63 (full 4):
 PSYoungGen      total 72192K, used 12965K [0x00000000f5580000, 0x00000000fff00000, 0x0000000100000000)
  eden space 58880K, 0% used [0x00000000f5580000,0x00000000f5580000,0x00000000f8f00000)
  from space 13312K, 97% used [0x00000000f8f00000,0x00000000f9ba9450,0x00000000f9c00000)
  to   space 57344K, 0% used [0x00000000fc700000,0x00000000fc700000,0x00000000fff00000)
 ParOldGen       total 349696K, used 69706K [0x00000000e0000000, 0x00000000f5580000, 0x00000000f5580000)
  object space 349696K, 19% used [0x00000000e0000000,0x00000000e44128c0,0x00000000f5580000)
 Metaspace       used 123363K, capacity 133075K, committed 133208K, reserved 1165312K
  class space    used 15669K, capacity 17172K, committed 17240K, reserved 1048576K
}
Event: 10758.623 GC heap before
{Heap before GC invocations=64 (full 4):
 PSYoungGen      total 72192K, used 71845K [0x00000000f5580000, 0x00000000fff00000, 0x0000000100000000)
  eden space 58880K, 100% used [0x00000000f5580000,0x00000000f8f00000,0x00000000f8f00000)
  from space 13312K, 97% used [0x00000000f8f00000,0x00000000f9ba9450,0x00000000f9c00000)
  to   space 57344K, 0% used [0x00000000fc700000,0x00000000fc700000,0x00000000fff00000)
 ParOldGen       total 349696K, used 69706K [0x00000000e0000000, 0x00000000f5580000, 0x00000000f5580000)
  object space 349696K, 19% used [0x00000000e0000000,0x00000000e44128c0,0x00000000f5580000)
 Metaspace       used 123363K, capacity 133075K, committed 133208K, reserved 1165312K
  class space    used 15669K, capacity 17172K, committed 17240K, reserved 1048576K
Event: 10758.632 GC heap after
Heap after GC invocations=64 (full 4):
 PSYoungGen      total 118784K, used 25133K [0x00000000f5580000, 0x00000000ffe80000, 0x0000000100000000)
  eden space 61952K, 0% used [0x00000000f5580000,0x00000000f5580000,0x00000000f9200000)
  from space 56832K, 44% used [0x00000000fc700000,0x00000000fdf8b400,0x00000000ffe80000)
  to   space 54272K, 0% used [0x00000000f9200000,0x00000000f9200000,0x00000000fc700000)
 ParOldGen       total 349696K, used 69714K [0x00000000e0000000, 0x00000000f5580000, 0x00000000f5580000)
  object space 349696K, 19% used [0x00000000e0000000,0x00000000e44148c0,0x00000000f5580000)
 Metaspace       used 123363K, capacity 133075K, committed 133208K, reserved 1165312K
  class space    used 15669K, capacity 17172K, committed 17240K, reserved 1048576K
}
Event: 10758.723 GC heap before
{Heap before GC invocations=65 (full 4):
 PSYoungGen      total 118784K, used 87085K [0x00000000f5580000, 0x00000000ffe80000, 0x0000000100000000)
  eden space 61952K, 100% used [0x00000000f5580000,0x00000000f9200000,0x00000000f9200000)
  from space 56832K, 44% used [0x00000000fc700000,0x00000000fdf8b400,0x00000000ffe80000)
  to   space 54272K, 0% used [0x00000000f9200000,0x00000000f9200000,0x00000000fc700000)
 ParOldGen       total 349696K, used 69714K [0x00000000e0000000, 0x00000000f5580000, 0x00000000f5580000)
  object space 349696K, 19% used [0x00000000e0000000,0x00000000e44148c0,0x00000000f5580000)
 Metaspace       used 123369K, capacity 133075K, committed 133208K, reserved 1165312K
  class space    used 15669K, capacity 17172K, committed 17240K, reserved 1048576K
Event: 10758.733 GC heap after
Heap after GC invocations=65 (full 4):
 PSYoungGen      total 116224K, used 32362K [0x00000000f5580000, 0x00000000ffd80000, 0x0000000100000000)
  eden space 61952K, 0% used [0x00000000f5580000,0x00000000f5580000,0x00000000f9200000)
  from space 54272K, 59% used [0x00000000f9200000,0x00000000fb19a840,0x00000000fc700000)
  to   space 54272K, 0% used [0x00000000fc880000,0x00000000fc880000,0x00000000ffd80000)
 ParOldGen       total 349696K, used 69722K [0x00000000e0000000, 0x00000000f5580000, 0x00000000f5580000)
  object space 349696K, 19% used [0x00000000e0000000,0x00000000e44168c0,0x00000000f5580000)
 Metaspace       used 123369K, capacity 133075K, committed 133208K, reserved 1165312K
  class space    used 15669K, capacity 17172K, committed 17240K, reserved 1048576K
}

